<?xml version="1.0" encoding="UTF-8"?>
<testsuite xmlns:xsi="http://www.w3.org/2001/XMLSchema-instance" xsi:noNamespaceSchemaLocation="https://maven.apache.org/surefire/maven-surefire-plugin/xsd/surefire-test-report.xsd" name="com.brunom.AppTest" time="0.053" tests="20" errors="0" skipped="0" failures="0">
  <properties>
    <property name="java.specification.version" value="17"/>
    <property name="sun.cpu.isalist" value="amd64"/>
    <property name="sun.jnu.encoding" value="Cp1252"/>
    <property name="java.class.path" value="F:\Università\Secondo anno\Ingegneria del Software\Progetto\car-app\target\test-classes;F:\Università\Secondo anno\Ingegneria del Software\Progetto\car-app\target\classes;C:\Users\PC\.m2\repository\org\mockito\mockito-core\3.3.3\mockito-core-3.3.3.jar;C:\Users\PC\.m2\repository\net\bytebuddy\byte-buddy\1.10.5\byte-buddy-1.10.5.jar;C:\Users\PC\.m2\repository\net\bytebuddy\byte-buddy-agent\1.10.5\byte-buddy-agent-1.10.5.jar;C:\Users\PC\.m2\repository\org\objenesis\objenesis\2.6\objenesis-2.6.jar;C:\Users\PC\.m2\repository\junit\junit\4.11\junit-4.11.jar;C:\Users\PC\.m2\repository\org\hamcrest\hamcrest-core\1.3\hamcrest-core-1.3.jar;"/>
    <property name="java.vm.vendor" value="Oracle Corporation"/>
    <property name="sun.arch.data.model" value="64"/>
    <property name="user.variant" value=""/>
    <property name="java.vendor.url" value="https://java.oracle.com/"/>
    <property name="user.timezone" value="Europe/Rome"/>
    <property name="os.name" value="Windows 10"/>
    <property name="java.vm.specification.version" value="17"/>
    <property name="sun.java.launcher" value="SUN_STANDARD"/>
    <property name="user.country" value="IT"/>
    <property name="sun.boot.library.path" value="C:\Program Files\Java\jdk-17\bin"/>
    <property name="sun.java.command" value="C:\Users\PC\AppData\Local\Temp\surefire6229731734509171150\surefirebooter4837574374212873677.jar C:\Users\PC\AppData\Local\Temp\surefire6229731734509171150 2022-06-29T00-13-09_933-jvmRun1 surefire8340363867887837755tmp surefire_07803803979254463377tmp"/>
    <property name="jdk.debug" value="release"/>
    <property name="surefire.test.class.path" value="F:\Università\Secondo anno\Ingegneria del Software\Progetto\car-app\target\test-classes;F:\Università\Secondo anno\Ingegneria del Software\Progetto\car-app\target\classes;C:\Users\PC\.m2\repository\org\mockito\mockito-core\3.3.3\mockito-core-3.3.3.jar;C:\Users\PC\.m2\repository\net\bytebuddy\byte-buddy\1.10.5\byte-buddy-1.10.5.jar;C:\Users\PC\.m2\repository\net\bytebuddy\byte-buddy-agent\1.10.5\byte-buddy-agent-1.10.5.jar;C:\Users\PC\.m2\repository\org\objenesis\objenesis\2.6\objenesis-2.6.jar;C:\Users\PC\.m2\repository\junit\junit\4.11\junit-4.11.jar;C:\Users\PC\.m2\repository\org\hamcrest\hamcrest-core\1.3\hamcrest-core-1.3.jar;"/>
    <property name="sun.cpu.endian" value="little"/>
    <property name="user.home" value="C:\Users\PC"/>
    <property name="user.language" value="it"/>
    <property name="java.specification.vendor" value="Oracle Corporation"/>
    <property name="java.version.date" value="2021-09-14"/>
    <property name="java.home" value="C:\Program Files\Java\jdk-17"/>
    <property name="file.separator" value="\"/>
    <property name="basedir" value="F:\Università\Secondo anno\Ingegneria del Software\Progetto\car-app"/>
    <property name="java.vm.compressedOopsMode" value="Zero based"/>
    <property name="line.separator" value="&#10;"/>
    <property name="java.vm.specification.vendor" value="Oracle Corporation"/>
    <property name="java.specification.name" value="Java Platform API Specification"/>
    <property name="surefire.real.class.path" value="C:\Users\PC\AppData\Local\Temp\surefire6229731734509171150\surefirebooter4837574374212873677.jar"/>
    <property name="user.script" value=""/>
    <property name="sun.management.compiler" value="HotSpot 64-Bit Tiered Compilers"/>
    <property name="java.runtime.version" value="17+35-LTS-2724"/>
    <property name="user.name" value="PC"/>
    <property name="path.separator" value=";"/>
    <property name="os.version" value="10.0"/>
    <property name="java.runtime.name" value="Java(TM) SE Runtime Environment"/>
    <property name="file.encoding" value="Cp1252"/>
    <property name="java.vm.name" value="Java HotSpot(TM) 64-Bit Server VM"/>
    <property name="localRepository" value="C:\Users\PC\.m2\repository"/>
    <property name="java.vendor.url.bug" value="https://bugreport.java.com/bugreport/"/>
    <property name="java.io.tmpdir" value="C:\Users\PC\AppData\Local\Temp\"/>
    <property name="java.version" value="17"/>
    <property name="user.dir" value="F:\Università\Secondo anno\Ingegneria del Software\Progetto\car-app"/>
    <property name="os.arch" value="amd64"/>
    <property name="java.vm.specification.name" value="Java Virtual Machine Specification"/>
    <property name="sun.os.patch.level" value=""/>
    <property name="native.encoding" value="Cp1252"/>
    <property name="java.library.path" value="C:\Program Files\Java\jdk-17\bin;C:\Windows\Sun\Java\bin;C:\Windows\system32;C:\Windows;C:\ProgramData\Oracle\Java\javapath;C:\Program Files\Common Files\Oracle\Java\javapath;C:\Program Files (x86)\Common Files\Oracle\Java\javapath;C:\Windows\system32;C:\Windows;C:\Windows\System32\Wbem;C:\Windows\System32\WindowsPowerShell\v1.0\;C:\Windows\System32\OpenSSH\;C:\Program Files (x86)\NVIDIA Corporation\PhysX\Common;C:\Program Files\NVIDIA Corporation\NVIDIA NvDLISR;F:\Programmi(x89)\Git\cmd;F:\Programmi(x89)\apache-maven-3.8.6\bin;C:\Users\PC\AppData\Local\Programs\Python\Python39\Scripts\;C:\Users\PC\AppData\Local\Programs\Python\Python39\;C:\Users\PC\AppData\Local\Programs\Python\Launcher\;C:\Users\PC\AppData\Local\Microsoft\WindowsApps;C:\Users\PC\AppData\Local\GitHubDesktop\bin;C:\Users\PC\AppData\Local\Programs\Microsoft VS Code\bin;."/>
    <property name="java.vm.info" value="mixed mode, sharing"/>
    <property name="java.vendor" value="Oracle Corporation"/>
    <property name="java.vm.version" value="17+35-LTS-2724"/>
    <property name="sun.io.unicode.encoding" value="UnicodeLittle"/>
    <property name="java.class.version" value="61.0"/>
  </properties>
  <testcase name="shouldNotToggleEngine" classname="com.brunom.AppTest" time="0.005"/>
  <testcase name="testAccelerationPowerRangeFix" classname="com.brunom.AppTest" time="0"/>
  <testcase name="accelerationShouldDecrease" classname="com.brunom.AppTest" time="0"/>
  <testcase name="shouldToggleEngine" classname="com.brunom.AppTest" time="0"/>
  <testcase name="shouldNotRemovePassenger" classname="com.brunom.AppTest" time="0.001"/>
  <testcase name="testCanAccelerate" classname="com.brunom.AppTest" time="0"/>
  <testcase name="testPrintState" classname="com.brunom.AppTest" time="0.005"/>
  <testcase name="testBraking" classname="com.brunom.AppTest" time="0"/>
  <testcase name="shouldRemovePassenger" classname="com.brunom.AppTest" time="0"/>
  <testcase name="testModeAcceleration" classname="com.brunom.AppTest" time="0"/>
  <testcase name="shouldNotAccelerate" classname="com.brunom.AppTest" time="0"/>
  <testcase name="TestRefuelCharge" classname="com.brunom.AppTest" time="0"/>
  <testcase name="shouldNotAddPassenger" classname="com.brunom.AppTest" time="0"/>
  <testcase name="accelerationShouldNotChange" classname="com.brunom.AppTest" time="0"/>
  <testcase name="shouldAddPassenger" classname="com.brunom.AppTest" time="0"/>
  <testcase name="weightShouldBeCarWeight" classname="com.brunom.AppTest" time="0.001"/>
  <testcase name="testIsFull" classname="com.brunom.AppTest" time="0"/>
  <testcase name="testSetMode" classname="com.brunom.AppTest" time="0"/>
  <testcase name="testResetState" classname="com.brunom.AppTest" time="0"/>
  <testcase name="testGetInstance" classname="com.brunom.AppTest" time="0"/>
</testsuite>